<?xml version="1.0" encoding="UTF-8"?>
<coverage generated="1519047773769" clover="3.2.0">
  <project timestamp="1519047773770" name="All files">
    <metrics statements="3" coveredstatements="3" conditionals="2" coveredconditionals="2" methods="2" coveredmethods="2" elements="7" coveredelements="7" complexity="0" loc="3" ncloc="3" packages="1" files="2" classes="2">
      <file name="ToDoItem.js" path="/Users/ranjitadas/Desktop/autodesk/react-hig/src/ToDoItem.js">
        <metrics statements="2" coveredstatements="2" conditionals="2" coveredconditionals="2" methods="2" coveredmethods="2"/>
        <line num="8" count="5" type="stmt"/>
        <line num="13" count="5" type="stmt"/>
      </file>
      <file name="setupTests.js" path="/Users/ranjitadas/Desktop/autodesk/react-hig/src/setupTests.js">
        <metrics statements="1" coveredstatements="1" conditionals="0" coveredconditionals="0" methods="0" coveredmethods="0"/>
        <line num="4" count="1" type="stmt"/>
      </file>
    </metrics>
  </project>
</coverage>
