{"/Users/ranjitadas/Desktop/autodesk/react-hig/src/ToDoItem.js": {"path":"/Users/ranjitadas/Desktop/autodesk/react-hig/src/ToDoItem.js","statementMap":{"0":{"start":{"line":8,"column":4},"end":{"line":8,"column":17}},"1":{"start":{"line":13,"column":4},"end":{"line":29,"column":5}}},"fnMap":{"0":{"name":"(anonymous_0)","decl":{"start":{"line":7,"column":2},"end":{"line":7,"column":3}},"loc":{"start":{"line":7,"column":20},"end":{"line":10,"column":3}},"line":7},"1":{"name":"(anonymous_1)","decl":{"start":{"line":12,"column":2},"end":{"line":12,"column":3}},"loc":{"start":{"line":12,"column":10},"end":{"line":30,"column":3}},"line":12}},"branchMap":{"0":{"loc":{"start":{"line":15,"column":24},"end":{"line":15,"column":82}},"type":"cond-expr","locations":[{"start":{"line":15,"column":45},"end":{"line":15,"column":68}},{"start":{"line":15,"column":69},"end":{"line":15,"column":82}}],"line":15}},"s":{"0":5,"1":5},"f":{"0":5,"1":5},"b":{"0":[3,2]},"_coverageSchema":"332fd63041d2c1bcb487cc26dd0d5f7d97098a6c","hash":"b340c2fe061205440b186ee4a49a987b0000b3ad"}
,"/Users/ranjitadas/Desktop/autodesk/react-hig/src/setupTests.js": {"path":"/Users/ranjitadas/Desktop/autodesk/react-hig/src/setupTests.js","statementMap":{"0":{"start":{"line":4,"column":0},"end":{"line":4,"column":38}}},"fnMap":{},"branchMap":{},"s":{"0":1},"f":{},"b":{},"_coverageSchema":"332fd63041d2c1bcb487cc26dd0d5f7d97098a6c","hash":"91fd7923e49c9977df93248c26de81eb29c2d5ba"}
}
